e:\globant\tp3\tp3\debug\tp3-x86.pch
e:\globant\tp3\tp3\debug\vc141.pdb
e:\globant\tp3\tp3\debug\vc141.idb
e:\globant\tp3\tp3\debug\stdafx.obj
e:\globant\tp3\tp3\debug\crudvector.obj
e:\globant\tp3\tp3\debug\datatype.obj
e:\globant\tp3\tp3\debug\numericlimits.obj
e:\globant\tp3\tp3\debug\sizeof.obj
e:\globant\tp3\tp3\debug\tp3.obj
e:\globant\tp3\tp3\debug\unsignedresult.obj
e:\globant\tp3\tp3\debug\crudvector86.obj
e:\globant\tp3\tp3\debug\datatype86.obj
e:\globant\tp3\tp3\debug\numericlimits86.obj
e:\globant\tp3\tp3\debug\sizeof86.obj
e:\globant\tp3\tp3\debug\tp3-x86.obj
e:\globant\tp3\tp3\debug\unsignedresult86.obj
e:\globant\tp3\debug\tp3-x86.exe
e:\globant\tp3\debug\tp3-x86.ilk
e:\globant\tp3\debug\tp3-x86.pdb
e:\globant\tp3\tp3\debug\tp3.pch
e:\globant\tp3\tp3\debug\tp3-x86.tlog\cl.command.1.tlog
e:\globant\tp3\tp3\debug\tp3-x86.tlog\cl.read.1.tlog
e:\globant\tp3\tp3\debug\tp3-x86.tlog\cl.write.1.tlog
e:\globant\tp3\tp3\debug\tp3-x86.tlog\link.command.1.tlog
e:\globant\tp3\tp3\debug\tp3-x86.tlog\link.read.1.tlog
e:\globant\tp3\tp3\debug\tp3-x86.tlog\link.write.1.tlog
